<?xml version="1.0" encoding="UTF-8"?>
<!-- Generated by org.testng.reporters.JUnitReportReporter -->
<testsuite hostname="NAMAN-PC" name="com.test.run.GetAllTextofWebpage" tests="1" failures="0" timestamp="10 Jun 2017 06:07:27 GMT" time="32.756" errors="0">
  <testcase name="getalltext" time="32.756" classname="com.test.run.GetAllTextofWebpage"/>
</testsuite> <!-- com.test.run.GetAllTextofWebpage -->
