<?xml version="1.0" encoding="UTF-8"?>
<!-- Generated by org.testng.reporters.JUnitReportReporter -->
<testsuite hostname="NAMAN-PC" name="com.test.run.GetAllTextofWebpage" tests="1" failures="0" timestamp="10 Jun 2017 21:14:38 GMT" time="12.546" errors="0">
  <testcase name="getalltext" time="12.546" classname="com.test.run.GetAllTextofWebpage"/>
</testsuite> <!-- com.test.run.GetAllTextofWebpage -->
